Microsoft HTML Help Compiler 4.74.8702

Compiling C:\Users\Eric\Desktop\commons-io-2.4.chm

allclasses-frame.html
allclasses-noframe.html
constant-values.html
deprecated-list.html
help-doc.html
index.html
index-all.html
org\apache\commons\io\ByteOrderMark.html
org\apache\commons\io\Charsets.html
org\apache\commons\io\class-use\ByteOrderMark.html
org\apache\commons\io\class-use\Charsets.html
org\apache\commons\io\class-use\CopyUtils.html
org\apache\commons\io\class-use\DirectoryWalker.CancelException.html
org\apache\commons\io\class-use\DirectoryWalker.html
org\apache\commons\io\class-use\EndianUtils.html
org\apache\commons\io\class-use\FileCleaner.html
org\apache\commons\io\class-use\FileCleaningTracker.html
org\apache\commons\io\class-use\FileDeleteStrategy.html
org\apache\commons\io\class-use\FileExistsException.html
org\apache\commons\io\class-use\FilenameUtils.html
org\apache\commons\io\class-use\FileSystemUtils.html
org\apache\commons\io\class-use\FileUtils.html
org\apache\commons\io\class-use\HexDump.html
org\apache\commons\io\class-use\IOCase.html
org\apache\commons\io\class-use\IOExceptionWithCause.html
org\apache\commons\io\class-use\IOUtils.html
org\apache\commons\io\class-use\LineIterator.html
org\apache\commons\io\class-use\TaggedIOException.html
org\apache\commons\io\comparator\class-use\CompositeFileComparator.html
org\apache\commons\io\comparator\class-use\DefaultFileComparator.html
org\apache\commons\io\comparator\class-use\DirectoryFileComparator.html
org\apache\commons\io\comparator\class-use\ExtensionFileComparator.html
org\apache\commons\io\comparator\class-use\LastModifiedFileComparator.html
org\apache\commons\io\comparator\class-use\NameFileComparator.html
org\apache\commons\io\comparator\class-use\PathFileComparator.html
org\apache\commons\io\comparator\class-use\SizeFileComparator.html
org\apache\commons\io\comparator\CompositeFileComparator.html
org\apache\commons\io\comparator\DefaultFileComparator.html
org\apache\commons\io\comparator\DirectoryFileComparator.html
org\apache\commons\io\comparator\ExtensionFileComparator.html
org\apache\commons\io\comparator\LastModifiedFileComparator.html
org\apache\commons\io\comparator\NameFileComparator.html
org\apache\commons\io\comparator\package-frame.html
org\apache\commons\io\comparator\package-summary.html
org\apache\commons\io\comparator\package-tree.html
org\apache\commons\io\comparator\package-use.html
org\apache\commons\io\comparator\PathFileComparator.html
org\apache\commons\io\comparator\SizeFileComparator.html
org\apache\commons\io\CopyUtils.html
org\apache\commons\io\DirectoryWalker.CancelException.html
org\apache\commons\io\DirectoryWalker.html
org\apache\commons\io\EndianUtils.html
org\apache\commons\io\FileCleaner.html
org\apache\commons\io\FileCleaningTracker.html
org\apache\commons\io\FileDeleteStrategy.html
org\apache\commons\io\FileExistsException.html
org\apache\commons\io\filefilter\AbstractFileFilter.html
org\apache\commons\io\filefilter\AgeFileFilter.html
org\apache\commons\io\filefilter\AndFileFilter.html
org\apache\commons\io\filefilter\CanReadFileFilter.html
org\apache\commons\io\filefilter\CanWriteFileFilter.html
org\apache\commons\io\filefilter\class-use\AbstractFileFilter.html
org\apache\commons\io\filefilter\class-use\AgeFileFilter.html
org\apache\commons\io\filefilter\class-use\AndFileFilter.html
org\apache\commons\io\filefilter\class-use\CanReadFileFilter.html
org\apache\commons\io\filefilter\class-use\CanWriteFileFilter.html
org\apache\commons\io\filefilter\class-use\ConditionalFileFilter.html
org\apache\commons\io\filefilter\class-use\DelegateFileFilter.html
org\apache\commons\io\filefilter\class-use\DirectoryFileFilter.html
org\apache\commons\io\filefilter\class-use\EmptyFileFilter.html
org\apache\commons\io\filefilter\class-use\FalseFileFilter.html
org\apache\commons\io\filefilter\class-use\FileFileFilter.html
org\apache\commons\io\filefilter\class-use\FileFilterUtils.html
org\apache\commons\io\filefilter\class-use\HiddenFileFilter.html
org\apache\commons\io\filefilter\class-use\IOFileFilter.html
org\apache\commons\io\filefilter\class-use\MagicNumberFileFilter.html
org\apache\commons\io\filefilter\class-use\NameFileFilter.html
org\apache\commons\io\filefilter\class-use\NotFileFilter.html
org\apache\commons\io\filefilter\class-use\OrFileFilter.html
org\apache\commons\io\filefilter\class-use\PrefixFileFilter.html
org\apache\commons\io\filefilter\class-use\RegexFileFilter.html
org\apache\commons\io\filefilter\class-use\SizeFileFilter.html
org\apache\commons\io\filefilter\class-use\SuffixFileFilter.html
org\apache\commons\io\filefilter\class-use\TrueFileFilter.html
org\apache\commons\io\filefilter\class-use\WildcardFileFilter.html
org\apache\commons\io\filefilter\class-use\WildcardFilter.html
org\apache\commons\io\filefilter\ConditionalFileFilter.html
org\apache\commons\io\filefilter\DelegateFileFilter.html
org\apache\commons\io\filefilter\DirectoryFileFilter.html
org\apache\commons\io\filefilter\EmptyFileFilter.html
org\apache\commons\io\filefilter\FalseFileFilter.html
org\apache\commons\io\filefilter\FileFileFilter.html
org\apache\commons\io\filefilter\FileFilterUtils.html
org\apache\commons\io\filefilter\HiddenFileFilter.html
org\apache\commons\io\filefilter\IOFileFilter.html
org\apache\commons\io\filefilter\MagicNumberFileFilter.html
org\apache\commons\io\filefilter\NameFileFilter.html
org\apache\commons\io\filefilter\NotFileFilter.html
org\apache\commons\io\filefilter\OrFileFilter.html
org\apache\commons\io\filefilter\package-frame.html
org\apache\commons\io\filefilter\package-summary.html
org\apache\commons\io\filefilter\package-tree.html
org\apache\commons\io\filefilter\package-use.html
org\apache\commons\io\filefilter\PrefixFileFilter.html
org\apache\commons\io\filefilter\RegexFileFilter.html
org\apache\commons\io\filefilter\SizeFileFilter.html
org\apache\commons\io\filefilter\SuffixFileFilter.html
org\apache\commons\io\filefilter\TrueFileFilter.html
org\apache\commons\io\filefilter\WildcardFileFilter.html
org\apache\commons\io\filefilter\WildcardFilter.html
org\apache\commons\io\FilenameUtils.html
org\apache\commons\io\FileSystemUtils.html
org\apache\commons\io\FileUtils.html
org\apache\commons\io\HexDump.html
org\apache\commons\io\input\AutoCloseInputStream.html
org\apache\commons\io\input\BOMInputStream.html
org\apache\commons\io\input\BoundedInputStream.html
org\apache\commons\io\input\BrokenInputStream.html
org\apache\commons\io\input\CharSequenceInputStream.html
org\apache\commons\io\input\CharSequenceReader.html
org\apache\commons\io\input\ClassLoaderObjectInputStream.html
org\apache\commons\io\input\class-use\AutoCloseInputStream.html
org\apache\commons\io\input\class-use\BOMInputStream.html
org\apache\commons\io\input\class-use\BoundedInputStream.html
org\apache\commons\io\input\class-use\BrokenInputStream.html
org\apache\commons\io\input\class-use\CharSequenceInputStream.html
org\apache\commons\io\input\class-use\CharSequenceReader.html
org\apache\commons\io\input\class-use\ClassLoaderObjectInputStream.html
org\apache\commons\io\input\class-use\ClosedInputStream.html
org\apache\commons\io\input\class-use\CloseShieldInputStream.html
org\apache\commons\io\input\class-use\CountingInputStream.html
org\apache\commons\io\input\class-use\DemuxInputStream.html
org\apache\commons\io\input\class-use\NullInputStream.html
org\apache\commons\io\input\class-use\NullReader.html
org\apache\commons\io\input\class-use\ProxyInputStream.html
org\apache\commons\io\input\class-use\ProxyReader.html
org\apache\commons\io\input\class-use\ReaderInputStream.html
org\apache\commons\io\input\class-use\ReversedLinesFileReader.html
org\apache\commons\io\input\class-use\SwappedDataInputStream.html
org\apache\commons\io\input\class-use\TaggedInputStream.html
org\apache\commons\io\input\class-use\Tailer.html
org\apache\commons\io\input\class-use\TailerListener.html
org\apache\commons\io\input\class-use\TailerListenerAdapter.html
org\apache\commons\io\input\class-use\TeeInputStream.html
org\apache\commons\io\input\class-use\XmlStreamReader.html
org\apache\commons\io\input\class-use\XmlStreamReaderException.html
org\apache\commons\io\input\ClosedInputStream.html
org\apache\commons\io\input\CloseShieldInputStream.html
org\apache\commons\io\input\CountingInputStream.html
org\apache\commons\io\input\DemuxInputStream.html
org\apache\commons\io\input\NullInputStream.html
org\apache\commons\io\input\NullReader.html
org\apache\commons\io\input\package-frame.html
org\apache\commons\io\input\package-summary.html
org\apache\commons\io\input\package-tree.html
org\apache\commons\io\input\package-use.html
org\apache\commons\io\input\ProxyInputStream.html
org\apache\commons\io\input\ProxyReader.html
org\apache\commons\io\input\ReaderInputStream.html
org\apache\commons\io\input\ReversedLinesFileReader.html
org\apache\commons\io\input\SwappedDataInputStream.html
org\apache\commons\io\input\TaggedInputStream.html
org\apache\commons\io\input\Tailer.html
org\apache\commons\io\input\TailerListener.html
org\apache\commons\io\input\TailerListenerAdapter.html
org\apache\commons\io\input\TeeInputStream.html
org\apache\commons\io\input\XmlStreamReader.html
org\apache\commons\io\input\XmlStreamReaderException.html
org\apache\commons\io\IOCase.html
org\apache\commons\io\IOExceptionWithCause.html
org\apache\commons\io\IOUtils.html
org\apache\commons\io\LineIterator.html
org\apache\commons\io\monitor\class-use\FileAlterationListener.html
org\apache\commons\io\monitor\class-use\FileAlterationListenerAdaptor.html
org\apache\commons\io\monitor\class-use\FileAlterationMonitor.html
org\apache\commons\io\monitor\class-use\FileAlterationObserver.html
org\apache\commons\io\monitor\class-use\FileEntry.html
org\apache\commons\io\monitor\FileAlterationListener.html
org\apache\commons\io\monitor\FileAlterationListenerAdaptor.html
org\apache\commons\io\monitor\FileAlterationMonitor.html
org\apache\commons\io\monitor\FileAlterationObserver.html
org\apache\commons\io\monitor\FileEntry.html
org\apache\commons\io\monitor\package-frame.html
org\apache\commons\io\monitor\package-summary.html
org\apache\commons\io\monitor\package-tree.html
org\apache\commons\io\monitor\package-use.html
org\apache\commons\io\output\BrokenOutputStream.html
org\apache\commons\io\output\ByteArrayOutputStream.html
org\apache\commons\io\output\class-use\BrokenOutputStream.html
org\apache\commons\io\output\class-use\ByteArrayOutputStream.html
org\apache\commons\io\output\class-use\ClosedOutputStream.html
org\apache\commons\io\output\class-use\CloseShieldOutputStream.html
org\apache\commons\io\output\class-use\CountingOutputStream.html
org\apache\commons\io\output\class-use\DeferredFileOutputStream.html
org\apache\commons\io\output\class-use\DemuxOutputStream.html
org\apache\commons\io\output\class-use\FileWriterWithEncoding.html
org\apache\commons\io\output\class-use\LockableFileWriter.html
org\apache\commons\io\output\class-use\NullOutputStream.html
org\apache\commons\io\output\class-use\NullWriter.html
org\apache\commons\io\output\class-use\ProxyOutputStream.html
org\apache\commons\io\output\class-use\ProxyWriter.html
org\apache\commons\io\output\class-use\StringBuilderWriter.html
org\apache\commons\io\output\class-use\TaggedOutputStream.html
org\apache\commons\io\output\class-use\TeeOutputStream.html
org\apache\commons\io\output\class-use\ThresholdingOutputStream.html
org\apache\commons\io\output\class-use\WriterOutputStream.html
org\apache\commons\io\output\class-use\XmlStreamWriter.html
org\apache\commons\io\output\ClosedOutputStream.html
org\apache\commons\io\output\CloseShieldOutputStream.html
org\apache\commons\io\output\CountingOutputStream.html
org\apache\commons\io\output\DeferredFileOutputStream.html
org\apache\commons\io\output\DemuxOutputStream.html
org\apache\commons\io\output\FileWriterWithEncoding.html
org\apache\commons\io\output\LockableFileWriter.html
org\apache\commons\io\output\NullOutputStream.html
org\apache\commons\io\output\NullWriter.html
org\apache\commons\io\output\package-frame.html
org\apache\commons\io\output\package-summary.html
org\apache\commons\io\output\package-tree.html
org\apache\commons\io\output\package-use.html
org\apache\commons\io\output\ProxyOutputStream.html
org\apache\commons\io\output\ProxyWriter.html
org\apache\commons\io\output\StringBuilderWriter.html
org\apache\commons\io\output\TaggedOutputStream.html
org\apache\commons\io\output\TeeOutputStream.html
org\apache\commons\io\output\ThresholdingOutputStream.html
org\apache\commons\io\output\WriterOutputStream.html
org\apache\commons\io\output\XmlStreamWriter.html
org\apache\commons\io\package-frame.html
org\apache\commons\io\package-summary.html
org\apache\commons\io\package-tree.html
org\apache\commons\io\package-use.html
org\apache\commons\io\TaggedIOException.html
overview-frame.html
overview-summary.html
overview-tree.html
resources\inherit.gif
serialized-form.html
stylesheet.css
TOC-Created-By-Easy-CHM.HHC
Index-Created-By-Easy-CHM.HHK

Compile time: 0 minutes, 17 seconds
476	Topics
12,419	Local links
7,050	Internet links
0	Graphics


Created C:\Users\Eric\Desktop\commons-io-2.4.chm, 658,856 bytes
Compression decreased file by 4,726,676 bytes.
