Microsoft HTML Help Compiler 4.74.8702

Compiling d:\java¿âjdom-2.0.chm

allclasses-frame.html
allclasses-noframe.html
constant-values.html
deprecated-list.html
help-doc.html
index.html
index-files\index-1.html
index-files\index-10.html
index-files\index-11.html
index-files\index-12.html
index-files\index-13.html
index-files\index-14.html
index-files\index-15.html
index-files\index-16.html
index-files\index-17.html
index-files\index-18.html
index-files\index-19.html
index-files\index-2.html
index-files\index-20.html
index-files\index-21.html
index-files\index-22.html
index-files\index-3.html
index-files\index-4.html
index-files\index-5.html
index-files\index-6.html
index-files\index-7.html
index-files\index-8.html
index-files\index-9.html
org\jdom2\adapters\AbstractDOMAdapter.html
org\jdom2\adapters\class-use\AbstractDOMAdapter.html
org\jdom2\adapters\class-use\DOMAdapter.html
org\jdom2\adapters\class-use\JAXPDOMAdapter.html
org\jdom2\adapters\DOMAdapter.html
org\jdom2\adapters\JAXPDOMAdapter.html
org\jdom2\adapters\package-frame.html
org\jdom2\adapters\package-summary.html
org\jdom2\adapters\package-tree.html
org\jdom2\adapters\package-use.html
org\jdom2\Attribute.html
org\jdom2\AttributeType.html
org\jdom2\CDATA.html
org\jdom2\class-use\Attribute.html
org\jdom2\class-use\AttributeType.html
org\jdom2\class-use\CDATA.html
org\jdom2\class-use\Comment.html
org\jdom2\class-use\Content.CType.html
org\jdom2\class-use\Content.html
org\jdom2\class-use\DataConversionException.html
org\jdom2\class-use\DefaultJDOMFactory.html
org\jdom2\class-use\DocType.html
org\jdom2\class-use\Document.html
org\jdom2\class-use\Element.html
org\jdom2\class-use\EntityRef.html
org\jdom2\class-use\IllegalAddException.html
org\jdom2\class-use\IllegalDataException.html
org\jdom2\class-use\IllegalNameException.html
org\jdom2\class-use\IllegalTargetException.html
org\jdom2\class-use\JDOMConstants.html
org\jdom2\class-use\JDOMException.html
org\jdom2\class-use\JDOMFactory.html
org\jdom2\class-use\Namespace.html
org\jdom2\class-use\NamespaceAware.html
org\jdom2\class-use\Parent.html
org\jdom2\class-use\ProcessingInstruction.html
org\jdom2\class-use\SlimJDOMFactory.html
org\jdom2\class-use\Text.html
org\jdom2\class-use\UncheckedJDOMFactory.html
org\jdom2\class-use\Verifier.html
org\jdom2\Comment.html
org\jdom2\Content.CType.html
org\jdom2\Content.html
org\jdom2\DataConversionException.html
org\jdom2\DefaultJDOMFactory.html
org\jdom2\DocType.html
org\jdom2\Document.html
HHC3004: Warning: Element.html : The HTML tag "? extends org.jdom2.Content" is not a valid HTML tag (it does not begin with an alphanumeric character).
org\jdom2\Element.html
org\jdom2\EntityRef.html
org\jdom2\filter\AbstractFilter.html
org\jdom2\filter\AttributeFilter.html
org\jdom2\filter\class-use\AbstractFilter.html
org\jdom2\filter\class-use\AttributeFilter.html
org\jdom2\filter\class-use\ContentFilter.html
org\jdom2\filter\class-use\ElementFilter.html
org\jdom2\filter\class-use\Filter.html
org\jdom2\filter\class-use\Filters.html
org\jdom2\filter\ContentFilter.html
org\jdom2\filter\ElementFilter.html
org\jdom2\filter\Filter.html
org\jdom2\filter\Filters.html
org\jdom2\filter\package-frame.html
org\jdom2\filter\package-summary.html
org\jdom2\filter\package-tree.html
org\jdom2\filter\package-use.html
org\jdom2\IllegalAddException.html
org\jdom2\IllegalDataException.html
org\jdom2\IllegalNameException.html
org\jdom2\IllegalTargetException.html
org\jdom2\input\class-use\DOMBuilder.html
org\jdom2\input\class-use\JDOMParseException.html
org\jdom2\input\class-use\SAXBuilder.html
org\jdom2\input\class-use\StAXEventBuilder.html
org\jdom2\input\class-use\StAXStreamBuilder.html
org\jdom2\input\DOMBuilder.html
org\jdom2\input\JDOMParseException.html
org\jdom2\input\package-frame.html
org\jdom2\input\package-summary.html
org\jdom2\input\package-tree.html
org\jdom2\input\package-use.html
org\jdom2\input\sax\AbstractReaderSchemaFactory.html
org\jdom2\input\sax\AbstractReaderXSDFactory.html
org\jdom2\input\sax\AbstractReaderXSDFactory.SchemaFactoryProvider.html
org\jdom2\input\sax\BuilderErrorHandler.html
org\jdom2\input\sax\class-use\AbstractReaderSchemaFactory.html
org\jdom2\input\sax\class-use\AbstractReaderXSDFactory.html
org\jdom2\input\sax\class-use\AbstractReaderXSDFactory.SchemaFactoryProvider.html
org\jdom2\input\sax\class-use\BuilderErrorHandler.html
org\jdom2\input\sax\class-use\DefaultSAXHandlerFactory.html
org\jdom2\input\sax\class-use\SAXBuilderEngine.html
org\jdom2\input\sax\class-use\SAXEngine.html
org\jdom2\input\sax\class-use\SAXHandler.html
org\jdom2\input\sax\class-use\SAXHandlerFactory.html
org\jdom2\input\sax\class-use\XMLReaderJAXPFactory.html
org\jdom2\input\sax\class-use\XMLReaderJDOMFactory.html
org\jdom2\input\sax\class-use\XMLReaders.html
org\jdom2\input\sax\class-use\XMLReaderSAX2Factory.html
org\jdom2\input\sax\class-use\XMLReaderSchemaFactory.html
org\jdom2\input\sax\class-use\XMLReaderXSDFactory.html
org\jdom2\input\sax\DefaultSAXHandlerFactory.html
org\jdom2\input\sax\package-frame.html
org\jdom2\input\sax\package-summary.html
org\jdom2\input\sax\package-tree.html
org\jdom2\input\sax\package-use.html
org\jdom2\input\sax\SAXBuilderEngine.html
org\jdom2\input\sax\SAXEngine.html
org\jdom2\input\sax\SAXHandler.html
org\jdom2\input\sax\SAXHandlerFactory.html
org\jdom2\input\sax\XMLReaderJAXPFactory.html
org\jdom2\input\sax\XMLReaderJDOMFactory.html
org\jdom2\input\sax\XMLReaders.html
org\jdom2\input\sax\XMLReaderSAX2Factory.html
org\jdom2\input\sax\XMLReaderSchemaFactory.html
org\jdom2\input\sax\XMLReaderXSDFactory.html
org\jdom2\input\SAXBuilder.html
org\jdom2\input\stax\class-use\DefaultStAXFilter.html
org\jdom2\input\stax\class-use\DTDParser.html
org\jdom2\input\stax\class-use\StAXFilter.html
org\jdom2\input\stax\DefaultStAXFilter.html
org\jdom2\input\stax\DTDParser.html
org\jdom2\input\stax\package-frame.html
org\jdom2\input\stax\package-summary.html
org\jdom2\input\stax\package-tree.html
org\jdom2\input\stax\package-use.html
org\jdom2\input\stax\StAXFilter.html
org\jdom2\input\StAXEventBuilder.html
org\jdom2\input\StAXStreamBuilder.html
org\jdom2\internal\ArrayCopy.html
org\jdom2\internal\class-use\ArrayCopy.html
org\jdom2\internal\class-use\ReflectionConstructor.html
org\jdom2\internal\class-use\SystemProperty.html
org\jdom2\internal\package-frame.html
org\jdom2\internal\package-summary.html
org\jdom2\internal\package-tree.html
org\jdom2\internal\package-use.html
org\jdom2\internal\ReflectionConstructor.html
org\jdom2\internal\SystemProperty.html
org\jdom2\JDOMConstants.html
org\jdom2\JDOMException.html
org\jdom2\JDOMFactory.html
org\jdom2\located\class-use\Located.html
org\jdom2\located\class-use\LocatedCDATA.html
org\jdom2\located\class-use\LocatedComment.html
org\jdom2\located\class-use\LocatedDocType.html
org\jdom2\located\class-use\LocatedElement.html
org\jdom2\located\class-use\LocatedEntityRef.html
org\jdom2\located\class-use\LocatedJDOMFactory.html
org\jdom2\located\class-use\LocatedProcessingInstruction.html
org\jdom2\located\class-use\LocatedText.html
org\jdom2\located\Located.html
org\jdom2\located\LocatedCDATA.html
org\jdom2\located\LocatedComment.html
org\jdom2\located\LocatedDocType.html
org\jdom2\located\LocatedElement.html
org\jdom2\located\LocatedEntityRef.html
org\jdom2\located\LocatedJDOMFactory.html
org\jdom2\located\LocatedProcessingInstruction.html
org\jdom2\located\LocatedText.html
org\jdom2\located\package-frame.html
org\jdom2\located\package-summary.html
org\jdom2\located\package-tree.html
org\jdom2\located\package-use.html
org\jdom2\Namespace.html
org\jdom2\NamespaceAware.html
org\jdom2\output\class-use\DOMOutputter.html
org\jdom2\output\class-use\EscapeStrategy.html
org\jdom2\output\class-use\Format.html
org\jdom2\output\class-use\Format.TextMode.html
org\jdom2\output\class-use\JDOMLocator.html
org\jdom2\output\class-use\LineSeparator.html
org\jdom2\output\class-use\SAXOutputter.html
org\jdom2\output\class-use\StAXEventOutputter.html
org\jdom2\output\class-use\StAXStreamOutputter.html
org\jdom2\output\class-use\XMLOutputter.html
org\jdom2\output\DOMOutputter.html
org\jdom2\output\EscapeStrategy.html
org\jdom2\output\Format.html
org\jdom2\output\Format.TextMode.html
org\jdom2\output\JDOMLocator.html
org\jdom2\output\LineSeparator.html
org\jdom2\output\package-frame.html
org\jdom2\output\package-summary.html
org\jdom2\output\package-tree.html
org\jdom2\output\package-use.html
org\jdom2\output\SAXOutputter.html
org\jdom2\output\StAXEventOutputter.html
org\jdom2\output\StAXStreamOutputter.html
org\jdom2\output\support\AbstractDOMOutputProcessor.html
org\jdom2\output\support\AbstractFormattedWalker.html
org\jdom2\output\support\AbstractFormattedWalker.MultiText.html
org\jdom2\output\support\AbstractFormattedWalker.Trim.html
org\jdom2\output\support\AbstractOutputProcessor.html
org\jdom2\output\support\AbstractSAXOutputProcessor.html
org\jdom2\output\support\AbstractStAXEventProcessor.html
org\jdom2\output\support\AbstractStAXStreamProcessor.html
org\jdom2\output\support\AbstractXMLOutputProcessor.html
org\jdom2\output\support\class-use\AbstractDOMOutputProcessor.html
org\jdom2\output\support\class-use\AbstractFormattedWalker.html
org\jdom2\output\support\class-use\AbstractFormattedWalker.MultiText.html
org\jdom2\output\support\class-use\AbstractFormattedWalker.Trim.html
org\jdom2\output\support\class-use\AbstractOutputProcessor.html
org\jdom2\output\support\class-use\AbstractSAXOutputProcessor.html
org\jdom2\output\support\class-use\AbstractStAXEventProcessor.html
org\jdom2\output\support\class-use\AbstractStAXStreamProcessor.html
org\jdom2\output\support\class-use\AbstractXMLOutputProcessor.html
org\jdom2\output\support\class-use\DOMOutputProcessor.html
org\jdom2\output\support\class-use\FormatStack.html
org\jdom2\output\support\class-use\SAXOutputProcessor.html
org\jdom2\output\support\class-use\SAXTarget.html
org\jdom2\output\support\class-use\SAXTarget.SAXLocator.html
org\jdom2\output\support\class-use\StAXEventProcessor.html
org\jdom2\output\support\class-use\StAXStreamProcessor.html
org\jdom2\output\support\class-use\Walker.html
org\jdom2\output\support\class-use\WalkerNORMALIZE.html
org\jdom2\output\support\class-use\WalkerPRESERVE.html
org\jdom2\output\support\class-use\WalkerTRIM.html
org\jdom2\output\support\class-use\WalkerTRIM_FULL_WHITE.html
org\jdom2\output\support\class-use\XMLOutputProcessor.html
org\jdom2\output\support\DOMOutputProcessor.html
org\jdom2\output\support\FormatStack.html
org\jdom2\output\support\package-frame.html
org\jdom2\output\support\package-summary.html
org\jdom2\output\support\package-tree.html
org\jdom2\output\support\package-use.html
org\jdom2\output\support\SAXOutputProcessor.html
org\jdom2\output\support\SAXTarget.html
org\jdom2\output\support\SAXTarget.SAXLocator.html
org\jdom2\output\support\StAXEventProcessor.html
org\jdom2\output\support\StAXStreamProcessor.html
org\jdom2\output\support\Walker.html
org\jdom2\output\support\WalkerNORMALIZE.html
org\jdom2\output\support\WalkerPRESERVE.html
org\jdom2\output\support\WalkerTRIM.html
org\jdom2\output\support\WalkerTRIM_FULL_WHITE.html
org\jdom2\output\support\XMLOutputProcessor.html
org\jdom2\output\XMLOutputter.html
org\jdom2\package-frame.html
org\jdom2\package-summary.html
org\jdom2\package-tree.html
org\jdom2\package-use.html
org\jdom2\Parent.html
org\jdom2\ProcessingInstruction.html
org\jdom2\SlimJDOMFactory.html
org\jdom2\Text.html
org\jdom2\transform\class-use\JDOMResult.html
org\jdom2\transform\class-use\JDOMSource.html
org\jdom2\transform\class-use\XSLTransformer.html
org\jdom2\transform\class-use\XSLTransformException.html
org\jdom2\transform\JDOMResult.html
org\jdom2\transform\JDOMSource.html
org\jdom2\transform\package-frame.html
org\jdom2\transform\package-summary.html
org\jdom2\transform\package-tree.html
org\jdom2\transform\package-use.html
org\jdom2\transform\XSLTransformer.html
org\jdom2\transform\XSLTransformException.html
org\jdom2\UncheckedJDOMFactory.html
org\jdom2\util\class-use\IteratorIterable.html
org\jdom2\util\class-use\NamespaceStack.html
org\jdom2\util\IteratorIterable.html
org\jdom2\util\NamespaceStack.html
org\jdom2\util\package-frame.html
org\jdom2\util\package-summary.html
org\jdom2\util\package-tree.html
org\jdom2\util\package-use.html
org\jdom2\Verifier.html
org\jdom2\xpath\class-use\XPath.html
org\jdom2\xpath\class-use\XPathBuilder.html
org\jdom2\xpath\class-use\XPathDiagnostic.html
org\jdom2\xpath\class-use\XPathExpression.html
org\jdom2\xpath\class-use\XPathFactory.html
org\jdom2\xpath\class-use\XPathHelper.html
org\jdom2\xpath\jaxen\class-use\JaxenXPathFactory.html
org\jdom2\xpath\jaxen\class-use\JDOMXPath.html
org\jdom2\xpath\jaxen\JaxenXPathFactory.html
org\jdom2\xpath\jaxen\JDOMXPath.html
org\jdom2\xpath\jaxen\package-frame.html
org\jdom2\xpath\jaxen\package-summary.html
org\jdom2\xpath\jaxen\package-tree.html
org\jdom2\xpath\jaxen\package-use.html
org\jdom2\xpath\package-frame.html
org\jdom2\xpath\package-summary.html
org\jdom2\xpath\package-tree.html
org\jdom2\xpath\package-use.html
org\jdom2\xpath\util\AbstractXPathCompiled.html
org\jdom2\xpath\util\class-use\AbstractXPathCompiled.html
org\jdom2\xpath\util\class-use\XPathDiagnosticImpl.html
org\jdom2\xpath\util\package-frame.html
org\jdom2\xpath\util\package-summary.html
org\jdom2\xpath\util\package-tree.html
org\jdom2\xpath\util\package-use.html
org\jdom2\xpath\util\XPathDiagnosticImpl.html
HHC3004: Warning: XPath.html : The HTML tag "? extends org.jdom2.xpath.XPath" is not a valid HTML tag (it does not begin with an alphanumeric character).
org\jdom2\xpath\XPath.html
org\jdom2\xpath\XPathBuilder.html
org\jdom2\xpath\XPathDiagnostic.html
org\jdom2\xpath\XPathExpression.html
org\jdom2\xpath\XPathFactory.html
org\jdom2\xpath\XPathHelper.html
overview-frame.html
overview-summary.html
overview-tree.html
resources\inherit.gif
serialized-form.html
stylesheet.css
TOC-Created-By-Easy-CHM.HHC
Index-Created-By-Easy-CHM.HHK

Compile time: 0 minutes, 27 seconds
332	Topics
27,021	Local links
16	Internet links
0	Graphics


Created d:\java¿âjdom-2.0.chm, 987,792 bytes
Compression decreased file by 6,179,841 bytes.
